<?xml version="1.0" encoding="UTF-8"?>
<!-- Generated by org.testng.reporters.JUnitReportReporter -->
<testsuite hostname="ERROR" failures="0" tests="2" name="samsungScreen.SamsungScreen" time="7.818" errors="0" timestamp="2024-04-24T17:48:44 EET" skipped="0">
  <testcase classname="samsungScreen.SamsungScreen" name="selectTheScreenSection" time="0.790"/>
  <system-out/>
  <testcase classname="samsungScreen.SamsungScreen" name="filterPriceFromHighToLow" time="7.028"/>
  <system-out/>
</testsuite> <!-- samsungScreen.SamsungScreen -->
