<?xml version="1.0" encoding="UTF-8"?>
<!-- Generated by org.testng.reporters.JUnitReportReporter -->
<testsuite hostname="ERROR" failures="0" tests="2" name="AddRandomProduct.AddRandomLGProduct" time="12.098" errors="0" timestamp="2024-04-25T18:39:29 EET" skipped="0">
  <testcase classname="AddRandomProduct.AddRandomLGProduct" name="openRandomProduct" time="2.489"/>
  <system-out/>
  <testcase classname="AddRandomProduct.AddRandomLGProduct" name="chooseQuantityAndAddToCart" time="9.609"/>
  <system-out/>
</testsuite> <!-- AddRandomProduct.AddRandomLGProduct -->
