<?xml version="1.0" encoding="UTF-8"?>
<!-- Generated by org.testng.reporters.JUnitReportReporter -->
<testsuite hostname="ERROR" failures="0" tests="1" name="SignUpProcess.SignupProcess" time="8.434" errors="0" timestamp="2024-04-24T19:15:57 EET" skipped="0">
  <testcase classname="SignUpProcess.SignupProcess" name="signupProcess" time="8.434"/>
  <system-out/>
</testsuite> <!-- SignUpProcess.SignupProcess -->
