<?xml version="1.0" encoding="UTF-8"?>
<!-- Generated by org.testng.reporters.JUnitReportReporter -->
<testsuite hostname="ERROR" failures="0" tests="2" name="AddRandomProduct.ChangePassword" time="6.101" errors="0" timestamp="2024-04-25T19:09:58 EET" skipped="0">
  <testcase classname="AddRandomProduct.ChangePassword" name="loginProcess" time="3.826"/>
  <system-out/>
  <testcase classname="AddRandomProduct.ChangePassword" name="changePassword" time="2.275"/>
  <system-out/>
</testsuite> <!-- AddRandomProduct.ChangePassword -->
