<?xml version="1.0" encoding="UTF-8"?>
<!-- Generated by org.testng.reporters.JUnitReportReporter -->
<testsuite hostname="ERROR" failures="0" tests="2" name="AddRandomProduct.SignupTest" time="22.628" errors="0" timestamp="2024-04-26T02:32:07 EET" skipped="0">
  <testcase classname="AddRandomProduct.SignupTest" name="signupProcess" time="8.188"/>
  <system-out/>
  <testcase classname="AddRandomProduct.SignupTest" name="changePassword" time="14.440"/>
  <system-out/>
</testsuite> <!-- AddRandomProduct.SignupTest -->
